2023-06-11 19:36:23,825:user_lists:INFO:Generating user list
2023-06-11 19:36:23,831:user_lists:INFO:Found 360 submission authors
2023-06-11 19:36:23,875:user_lists:INFO:Found 360 comment authors
2023-06-11 19:36:23,876:user_lists:INFO:Found 9 users already in the database. Skipping from list
2023-06-11 19:36:23,886:user_lists:INFO:Found 896 unique authors
2023-06-11 19:36:23,886:user_lists:INFO:Calculating user scores
2023-06-11 19:36:23,887:user_lists:INFO:Analyzing users
2023-06-11 19:36:23,889:user_lists:INFO:Waiting for all coroutines to finish
2023-06-11 19:36:24,385:user_lists:DEBUG:Loading user: amit_e
2023-06-11 19:36:24,477:user_lists:DEBUG:Loading user: Iamt1aa
2023-06-11 19:36:24,539:user_lists:DEBUG:Loading user: naane_naanu
2023-06-11 19:36:24,590:user_lists:DEBUG:Loading user: IamEichiroOda
2023-06-11 19:36:24,641:user_lists:DEBUG:Loading user: RecommendationNo2800
2023-06-11 19:36:24,691:user_lists:DEBUG:Loading user: emotionalfool123
2023-06-11 19:36:24,746:user_lists:DEBUG:Loading user: anandd95
2023-06-11 19:36:24,799:user_lists:DEBUG:Loading user: Suryafromyt
2023-06-11 19:36:24,853:user_lists:DEBUG:Loading user: janshersingh
2023-06-11 19:36:24,908:user_lists:DEBUG:Loading user: NeedForMadnessAuto
n
2023-06-11 19:36:23,915:mariadb:DEBUG:Acquiring connection from pool and cursor from connection
2023-06-11 19:36:23,915:mariadb:DEBUG:Acquiring connection from pool and cursor from connection
2023-06-11 19:36:23,921:mariadb:DEBUG:Acquiring connection from pool and cursor from connection
2023-06-11 19:36:23,922:mariadb:DEBUG:Acquiring connection from pool and cursor from connection
2023-06-11 19:36:23,922:mariadb:DEBUG:Acquiring connection from pool and cursor from connection
2023-06-11 19:36:23,922:mariadb:DEBUG:Acquiring connection from pool and cursor from connection
2023-06-11 19:36:23,922:mariadb:DEBUG:Acquiring connection from pool and cursor from connection
2023-06-11 19:36:23,923:mariadb:DEBUG:Acquiring connection from pool and cursor from connection
2023-06-11 19:36:23,923:mariadb:DEBUG:Acquiring connection from pool and cursor from connection
2023-06-11 19:36:23,923:mariadb:DEBUG:Acquiring connection from pool and cursor from connection
2023-06-11 19:36:23,924:mariadb:DEBUG:Acquiring connection from pool and cursor from connection
2023-06-11 19:36:23,924:mariadb:DEBUG:Acquiring connection from pool and cursor from connection
2023-06-11 19:36:23,924:mariadb:DEBUG:Acquiring connection from pool and cursor from connection
2023-06-11 19:36:23,924:mariadb:DEBUG:Acquiring connection from pool and cursor from connection
2023-06-11 19:36:23,925:mariadb:DEBUG:Acquiring connection from pool and cursor from connection
2023-06-11 19:36:23,925:mariadb:DEBUG:Acquiring connection from pool and cursor from connection
2023-06-11 19:36:23,925:mariadb:DEBUG:Acquiring connection from pool and cursor from connection
2023-06-11 19:36:23,926:mariadb:DEBUG:Acquiring connection from pool and cursor from connection
2023-06-11 19:36:23,926:mariadb:DEBUG:Acquiring connection from pool and cursor from connection
2023-06-11 19:36:23,927:mariadb:DEBUG:Acquiring connection from pool and cursor from connection
2023-06-11 19:36:23,927:mariadb:DEBUG:Acquiring connection from pool and cursor from connection
2023-06-11 19:36:23,928:mariadb:DEBUG:Acquiring connection from pool and cursor from connection
2023-06-11 19:36:23,929:mariadb:DEBUG:Acquiring connection from pool and cursor from connection
2023-06-11 19:36:23,929:mariadb:DEBUG:Acquiring connection from pool and cursor from connection
2023-06-11 19:36:23,930:mariadb:DEBUG:Acquiring connection from pool and cursor from connection
2023-06-11 19:36:23,933:mariadb:DEBUG:Acquiring connection from pool and cursor from connection
2023-06-11 19:36:23,934:mariadb:DEBUG:Acquiring connection from pool and cursor from connection
2023-06-11 19:36:23,935:mariadb:DEBUG:Acquiring connection from pool and cursor from connection
2023-06-11 19:36:23,936:mariadb:DEBUG:Acquiring connection from pool and cursor from connection
2023-06-11 19:36:23,936:mariadb:DEBUG:Acquiring connection from pool and cursor from connection
2023-06-11 19:36:23,937:mariadb:DEBUG:Acquiring connection from pool and cursor from connection
2023-06-11 19:36:23,938:mariadb:DEBUG:Acquiring connection from pool and cursor from connection
2023-06-11 19:36:23,940:mariadb:DEBUG:Acquiring connection from pool and cursor from connection
2023-06-11 19:36:23,941:mariadb:DEBUG:Acquiring connection from pool and cursor from connection
2023-06-11 19:36:23,945:mariadb:DEBUG:Acquiring connection from pool and cursor from connection
2023-06-11 19:36:23,945:mariadb:DEBUG:Acquiring connection from pool and cursor from connection
2023-06-11 19:36:23,946:mariadb:DEBUG:Acquiring connection from pool and cursor from connection
2023-06-11 19:36:23,946:mariadb:DEBUG:Acquiring connection from pool and cursor from connection
2023-06-11 19:36:23,946:mariadb:DEBUG:Acquiring connection from pool and cursor from connection
2023-06-11 19:36:23,946:mariadb:DEBUG:Acquiring connection from pool and cursor from connection
2023-06-11 19:36:23,947:mariadb:DEBUG:Acquiring connection from pool and cursor from connection
2023-06-11 19:36:23,947:mariadb:DEBUG:Acquiring connection from pool and cursor from connection
2023-06-11 19:36:23,947:mariadb:DEBUG:Acquiring connection from pool and cursor from connection
2023-06-11 19:36:23,947:mariadb:DEBUG:Acquiring connection from pool and cursor from connection
2023-06-11 19:36:23,947:mariadb:DEBUG:Acquiring connection from pool and cursor from connection
2023-06-11 19:36:23,947:mariadb:DEBUG:Acquiring connection from pool and cursor from connection
2023-06-11 19:36:23,947:mariadb:DEBUG:Acquiring connection from pool and cursor from connection
2023-06-11 19:36:23,948:mariadb:DEBUG:Acquiring connection from pool and cursor from connection
2023-06-11 19:36:23,948:mariadb:DEBUG:Acquiring connection from pool and cursor from connection
2023-06-11 19:36:23,948:mariadb:DEBUG:Acquiring connection from pool and cursor from connection
2023-06-11 19:36:23,948:mariadb:DEBUG:Acquiring connection from pool and cursor from connection
2023-06-11 19:36:23,948:mariadb:DEBUG:Acquiring connection from pool and cursor from connection
2023-06-11 19:36:23,948:mariadb:DEBUG:Acquiring connection from pool and cursor from connection
2023-06-11 19:36:23,949:mariadb:DEBUG:Acquiring connection from pool and cursor from connection
2023-06-11 19:36:23,949:mariadb:DEBUG:Acquiring connection from pool and cursor from connection
2023-06-11 19:36:23,949:mariadb:DEBUG:Acquiring connection from pool and cursor from connection
2023-06-11 19:36:23,949:mariadb:DEBUG:Acquiring connection from pool and cursor from connection
2023-06-11 19:36:23,949:mariadb:DEBUG:Acquiring connection from pool and cursor from connection
2023-06-11 19:36:23,949:mariadb:DEBUG:Acquiring connection from pool and cursor from connection
2023-06-11 19:36:23,949:mariadb:DEBUG:Acquiring connection from pool and cursor from connection
2023-06-11 19:36:23,950:mariadb:DEBUG:Acquiring connection from pool and cursor from connection
2023-06-11 19:36:23,950:mariadb:DEBUG:Acquiring connection from pool and cursor from connection
2023-06-11 19:36:23,950:mariadb:DEBUG:Acquiring connection from pool and cursor from connection
2023-06-11 19:36:23,950:mariadb:DEBUG:Acquiring connection from pool and cursor from connection
2023-06-11 19:36:23,951:mariadb:DEBUG:Acquiring connection from pool and cursor from connection
2023-06-11 19:36:23,951:mariadb:DEBUG:Acquiring connection from pool and cursor from connection
2023-06-11 19:36:23,951:mariadb:DEBUG:Acquiring connection from pool and cursor from connection
2023-06-11 19:36:23,951:mariadb:DEBUG:Acquiring connection from pool and cursor from connection
2023-06-11 19:36:23,952:mariadb:DEBUG:Acquiring connection from pool and cursor from connection
2023-06-11 19:36:23,952:mariadb:DEBUG:Acquiring connection from pool and cursor from connection
2023-06-11 19:36:23,954:mariadb:DEBUG:Acquiring connection from pool and cursor from connection
2023-06-11 19:36:23,955:mariadb:DEBUG:Acquiring connection from pool and cursor from connection
2023-06-11 19:36:23,955:mariadb:DEBUG:Acquiring connection from pool and cursor from connection
2023-06-11 19:36:23,955:mariadb:DEBUG:Acquiring connection from pool and cursor from connection
2023-06-11 19:36:23,955:mariadb:DEBUG:Acquiring connection from pool and cursor from connection
2023-06-11 19:36:23,956:mariadb:DEBUG:Acquiring connection from pool and cursor from connection
2023-06-11 19:36:23,957:mariadb:DEBUG:Acquiring connection from pool and cursor from connection
2023-06-11 19:36:23,957:mariadb:DEBUG:Acquiring connection from pool and cursor from connection
2023-06-11 19:36:23,958:mariadb:DEBUG:Acquiring connection from pool and cursor from connection
2023-06-11 19:36:23,958:mariadb:DEBUG:Acquiring connection from pool and cursor from connection
2023-06-11 19:36:23,959:mariadb:DEBUG:Acquiring connection from pool and cursor from connection
2023-06-11 19:36:23,959:mariadb:DEBUG:Acquiring connection from pool and cursor from connection
2023-06-11 19:36:23,960:mariadb:DEBUG:Acquiring connection from pool and cursor from connection
2023-06-11 19:36:23,960:mariadb:DEBUG:Acquiring connection from pool and cursor from connection
2023-06-11 19:36:23,960:mariadb:DEBUG:Acquiring connection from pool and cursor from connection
2023-06-11 19:36:23,961:mariadb:DEBUG:Acquiring connection from pool and cursor from connection
2023-06-11 19:36:23,962:mariadb:DEBUG:Acquiring connection from pool and cursor from connection
2023-06-11 19:36:23,963:mariadb:DEBUG:Acquiring connection from pool and cursor from connection
2023-06-11 19:36:23,965:mariadb:DEBUG:Acquiring connection from pool and cursor from connection
2023-06-11 19:36:23,965:mariadb:DEBUG:Acquiring connection from pool and cursor from connection
2023-06-11 19:36:23,966:mariadb:DEBUG:Acquiring connection from pool and cursor from connection
2023-06-11 19:36:23,966:mariadb:DEBUG:Acquiring connection from pool and cursor from connection
2023-06-11 19:36:23,966:mariadb:DEBUG:Acquiring connection from pool and cursor from connection
2023-06-11 19:36:23,966:mariadb:DEBUG:Acquiring connection from pool and cursor from connection
2023-06-11 19:36:23,967:mariadb:DEBUG:Acquiring connection from pool and cursor from connection
2023-06-11 19:36:23,967:mariadb:DEBUG:Acquiring connection from pool and cursor from connection
2023-06-11 19:36:23,967:mariadb:DEBUG:Acquiring connection from pool and cursor from connection
2023-06-11 19:36:23,967:mariadb:DEBUG:Acquiring connection from pool and cursor from connection
2023-06-11 19:36:23,967:mariadb:DEBUG:Acquiring connection from pool and cursor from connection
2023-06-11 19:36:23,968:mariadb:DEBUG:Acquiring connection from pool and cursor from connection
2023-06-11 19:36:23,968:mariadb:DEBUG:Acquiring connection from pool and cursor from connection
2023-06-11 19:36:23,968:mariadb:DEBUG:Acquiring connection from pool and cursor from connection
2023-06-11 19:36:23,968:mariadb:DEBUG:Acquiring connection from pool and cursor from connection
2023-06-11 19:36:23,968:mariadb:DEBUG:Acquiring connection from pool and cursor from connection
2023-06-11 19:36:23,969:mariadb:DEBUG:Acquiring connection from pool and cursor from connection
2023-06-11 19:36:23,969:mariadb:DEBUG:Acquiring connection from pool and cursor from connection
2023-06-11 19:36:23,969:mariadb:DEBUG:Acquiring connection from pool and cursor from connection
2023-06-11 19:36:23,969:mariadb:DEBUG:Acquiring connection from pool and cursor from connection
2023-06-11 19:36:23,970:mariadb:DEBUG:Acquiring connection from pool and cursor from connection
2023-06-11 19:36:23,971:mariadb:DEBUG:Acquiring connection from pool and cursor from connection
2023-06-11 19:36:23,971:mariadb:DEBUG:Acquiring connection from pool and cursor from connection
2023-06-11 19:36:23,972:mariadb:DEBUG:Acquiring connection from pool and cursor from connection
2023-06-11 19:36:23,973:mariadb:DEBUG:Acquiring connection from pool and cursor from connection
2023-06-11 19:36:23,974:mariadb:DEBUG:Acquiring connection from pool and cursor from connection
2023-06-11 19:36:23,975:mariadb:DEBUG:Acquiring connection from pool and cursor from connection
2023-06-11 19:36:23,975:mariadb:DEBUG:Acquiring connection from pool and cursor from connection
2023-06-11 19:36:23,975:mariadb:DEBUG:Acquiring connection from pool and cursor from connection
2023-06-11 19:36:23,975:mariadb:DEBUG:Acquiring connection from pool and cursor from connection
2023-06-11 19:36:23,975:mariadb:DEBUG:Acquiring connection from pool and cursor from connection
2023-06-11 19:36:23,975:mariadb:DEBUG:Acquiring connection from pool and cursor from connection
2023-06-11 19:36:23,975:mariadb:DEBUG:Acquiring connection from pool and cursor from connection
2023-06-11 19:36:23,975:mariadb:DEBUG:Acquiring connection from pool and cursor from connection
2023-06-11 19:36:23,976:mariadb:DEBUG:Acquiring connection from pool and cursor from connection
2023-06-11 19:36:23,977:mariadb:DEBUG:Acquiring connection from pool and cursor from connection
2023-06-11 19:36:23,978:mariadb:DEBUG:Acquiring connection from pool and cursor from connection
2023-06-11 19:36:23,979:mariadb:DEBUG:Acquiring connection from pool and cursor from connection
2023-06-11 19:36:23,979:mariadb:DEBUG:Acquiring connection from pool and cursor from connection
2023-06-11 19:36:23,979:mariadb:DEBUG:Acquiring connection from pool and cursor from connection
2023-06-11 19:36:23,980:mariadb:DEBUG:Acquiring connection from pool and cursor from connection
2023-06-11 19:36:23,981:mariadb:DEBUG:Acquiring connection from pool and cursor from connection
2023-06-11 19:36:23,981:mariadb:DEBUG:Acquiring connection from pool and cursor from connection
2023-06-11 19:36:23,982:mariadb:DEBUG:Acquiring connection from pool and cursor from connection
2023-06-11 19:36:23,982:mariadb:DEBUG:Acquiring connection from pool and cursor from connection
2023-06-11 19:36:23,982:mariadb:DEBUG:Acquiring connection from pool and cursor from connection
2023-06-11 19:36:23,982:mariadb:DEBUG:Acquiring connection from pool and cursor from connection
2023-06-11 19:36:23,983:mariadb:DEBUG:Acquiring connection from pool and cursor from connection
2023-06-11 19:36:23,983:mariadb:DEBUG:Acquiring connection from pool and cursor from connection
2023-06-11 19:36:23,983:mariadb:DEBUG:Acquiring connection from pool and cursor from connection
2023-06-11 19:36:23,983:mariadb:DEBUG:Acquiring connection from pool and cursor from connection
2023-06-11 19:36:23,983:mariadb:DEBUG:Acquiring connection from pool and cursor from connection
2023-06-11 19:36:23,983:mariadb:DEBUG:Acquiring connection from pool and cursor from connection
2023-06-11 19:36:23,983:mariadb:DEBUG:Acquiring connection from pool and cursor from connection
2023-06-11 19:36:23,983:mariadb:DEBUG:Acquiring connection from pool and cursor from connection
2023-06-11 19:36:23,984:mariadb:DEBUG:Acquiring connection from pool and cursor from connection
2023-06-11 19:36:23,984:mariadb:DEBUG:Acquiring connection from pool and cursor from connection
2023-06-11 19:36:23,984:mariadb:DEBUG:Acquiring connection from pool and cursor from connection
2023-06-11 19:36:23,984:mariadb:DEBUG:Acquiring connection from pool and cursor from connection
2023-06-11 19:36:23,984:mariadb:DEBUG:Acquiring connection from pool and cursor from connection
2023-06-11 19:36:23,984:mariadb:DEBUG:Acquiring connection from pool and cursor from connection
2023-06-11 19:36:23,985:mariadb:DEBUG:Acquiring connection from pool and cursor from connection
2023-06-11 19:36:23,985:mariadb:DEBUG:Acquiring connection from pool and cursor from connection
2023-06-11 19:36:23,985:mariadb:DEBUG:Acquiring connection from pool and cursor from connection
2023-06-11 19:36:23,985:mariadb:DEBUG:Acquiring connection from pool and cursor from connection
2023-06-11 19:36:23,985:mariadb:DEBUG:Acquiring connection from pool and cursor from connection
2023-06-11 19:36:23,985:mariadb:DEBUG:Acquiring connection from pool and cursor from connection
2023-06-11 19:36:23,985:mariadb:DEBUG:Acquiring connection from pool and cursor from connection
2023-06-11 19:36:23,985:mariadb:DEBUG:Acquiring connection from pool and cursor from connection
2023-06-11 19:36:23,986:mariadb:DEBUG:Acquiring connection from pool and cursor from connection
2023-06-11 19:36:23,986:mariadb:DEBUG:Acquiring connection from pool and cursor from connection
2023-06-11 19:36:23,986:mariadb:DEBUG:Acquiring connection from pool and cursor from connection
2023-06-11 19:36:23,986:mariadb:DEBUG:Acquiring connection from pool and cursor from connection
2023-06-11 19:36:23,986:mariadb:DEBUG:Acquiring connection from pool and cursor from connection
2023-06-11 19:36:23,987:mariadb:DEBUG:Acquiring connection from pool and cursor from connection
2023-06-11 19:36:23,989:mariadb:DEBUG:Acquiring connection from pool and cursor from connection
2023-06-11 19:36:23,990:mariadb:DEBUG:Acquiring connection from pool and cursor from connection
2023-06-11 19:36:23,990:mariadb:DEBUG:Acquiring connection from pool and cursor from connection
2023-06-11 19:36:23,991:mariadb:DEBUG:Acquiring connection from pool and cursor from connection
2023-06-11 19:36:23,991:mariadb:DEBUG:Acquiring connection from pool and cursor from connection
2023-06-11 19:36:23,992:mariadb:DEBUG:Acquiring connection from pool and cursor from connection
2023-06-11 19:36:23,992:mariadb:DEBUG:Acquiring connection from pool and cursor from connection
2023-06-11 19:36:23,992:mariadb:DEBUG:Acquiring connection from pool and cursor from connection
2023-06-11 19:36:23,993:mariadb:DEBUG:Acquiring connection from pool and cursor from connection
2023-06-11 19:36:23,993:mariadb:DEBUG:Acquiring connection from pool and cursor from connection
2023-06-11 19:36:23,993:mariadb:DEBUG:Acquiring connection from pool and cursor from connection
2023-06-11 19:36:23,994:mariadb:DEBUG:Acquiring connection from pool and cursor from connection
2023-06-11 19:36:23,996:mariadb:DEBUG:Acquiring connection from pool and cursor from connection
2023-06-11 19:36:23,996:mariadb:DEBUG:Acquiring connection from pool and cursor from connection
2023-06-11 19:36:23,996:mariadb:DEBUG:Acquiring connection from pool and cursor from connection
2023-06-11 19:36:23,996:mariadb:DEBUG:Acquiring connection from pool and cursor from connection
2023-06-11 19:36:23,996:mariadb:DEBUG:Acquiring connection from pool and cursor from connection
2023-06-11 19:36:23,997:mariadb:DEBUG:Acquiring connection from pool and cursor from connection
2023-06-11 19:36:23,997:mariadb:DEBUG:Acquiring connection from pool and cursor from connection
2023-06-11 19:36:23,997:mariadb:DEBUG:Acquiring connection from pool and cursor from connection
2023-06-11 19:36:23,997:mariadb:DEBUG:Acquiring connection from pool and cursor from connection
2023-06-11 19:36:23,997:mariadb:DEBUG:Acquiring connection from pool and cursor from connection
2023-06-11 19:36:23,997:mariadb:DEBUG:Acquiring connection from pool and cursor from connection
2023-06-11 19:36:23,997:mariadb:DEBUG:Acquiring connection from pool and cursor from connection
2023-06-11 19:36:23,998:mariadb:DEBUG:Acquiring connection from pool and cursor from connection
2023-06-11 19:36:23,998:mariadb:DEBUG:Acquiring connection from pool and cursor from connection
2023-06-11 19:36:23,999:mariadb:DEBUG:Acquiring connection from pool and cursor from connection
2023-06-11 19:36:23,999:mariadb:DEBUG:Acquiring connection from pool and cursor from connection
2023-06-11 19:36:23,999:mariadb:DEBUG:Acquiring connection from pool and cursor from connection
2023-06-11 19:36:24,001:mariadb:DEBUG:Acquiring connection from pool and cursor from connection
2023-06-11 19:36:24,001:mariadb:DEBUG:Acquiring connection from pool and cursor from connection
2023-06-11 19:36:24,002:mariadb:DEBUG:Acquiring connection from pool and cursor from connection
2023-06-11 19:36:24,003:mariadb:DEBUG:Acquiring connection from pool and cursor from connection
2023-06-11 19:36:24,004:mariadb:DEBUG:Acquiring connection from pool and cursor from connection
2023-06-11 19:36:24,005:mariadb:DEBUG:Acquiring connection from pool and cursor from connection
2023-06-11 19:36:24,005:mariadb:DEBUG:Acquiring connection from pool and cursor from connection
2023-06-11 19:36:24,006:mariadb:DEBUG:Acquiring connection from pool and cursor from connection
2023-06-11 19:36:24,006:mariadb:DEBUG:Acquiring connection from pool and cursor from connection
2023-06-11 19:36:24,006:mariadb:DEBUG:Acquiring connection from pool and cursor from connection
2023-06-11 19:36:24,007:mariadb:DEBUG:Acquiring connection from pool and cursor from connection
2023-06-11 19:36:24,007:mariadb:DEBUG:Acquiring connection from pool and cursor from connection
2023-06-11 19:36:24,008:mariadb:DEBUG:Acquiring connection from pool and cursor from connection
2023-06-11 19:36:24,008:mariadb:DEBUG:Acquiring connection from pool and cursor from connection
2023-06-11 19:36:24,009:mariadb:DEBUG:Acquiring connection from pool and cursor from connection
2023-06-11 19:36:24,009:mariadb:DEBUG:Acquiring connection from pool and cursor from connection
2023-06-11 19:36:24,009:mariadb:DEBUG:Acquiring connection from pool and cursor from connection
2023-06-11 19:36:24,009:mariadb:DEBUG:Acquiring connection from pool and cursor from connection
2023-06-11 19:36:24,009:mariadb:DEBUG:Acquiring connection from pool and cursor from connection
2023-06-11 19:36:24,009:mariadb:DEBUG:Acquiring connection from pool and cursor from connection
2023-06-11 19:36:24,009:mariadb:DEBUG:Acquiring connection from pool and cursor from connection
2023-06-11 19:36:24,010:mariadb:DEBUG:Acquiring connection from pool and cursor from connection
2023-06-11 19:36:24,010:mariadb:DEBUG:Acquiring connection from pool and cursor from connection
2023-06-11 19:36:24,010:mariadb:DEBUG:Acquiring connection from pool and cursor from connection
2023-06-11 19:36:24,010:mariadb:DEBUG:Acquiring connection from pool and cursor from connection
2023-06-11 19:36:24,011:mariadb:DEBUG:Acquiring connection from pool and cursor from connection
2023-06-11 19:36:24,011:mariadb:DEBUG:Acquiring connection from pool and cursor from connection
2023-06-11 19:36:24,011:mariadb:DEBUG:Acquiring connection from pool and cursor from connection
2023-06-11 19:36:24,012:mariadb:DEBUG:Acquiring connection from pool and cursor from connection
2023-06-11 19:36:24,012:mariadb:DEBUG:Acquiring connection from pool and cursor from connection
2023-06-11 19:36:24,012:mariadb:DEBUG:Acquiring connection from pool and cursor from connection
2023-06-11 19:36:24,012:mariadb:DEBUG:Acquiring connection from pool and cursor from connection
2023-06-11 19:36:24,012:mariadb:DEBUG:Acquiring connection from pool and cursor from connection
2023-06-11 19:36:24,012:mariadb:DEBUG:Acquiring connection from pool and cursor from connection
2023-06-11 19:36:24,013:mariadb:DEBUG:Acquiring connection from pool and cursor from connection
2023-06-11 19:36:24,013:mariadb:DEBUG:Acquiring connection from pool and cursor from connection
2023-06-11 19:36:24,013:mariadb:DEBUG:Acquiring connection from pool and cursor from connection
2023-06-11 19:36:24,013:mariadb:DEBUG:Acquiring connection from pool and cursor from connection
2023-06-11 19:36:24,013:mariadb:DEBUG:Acquiring connection from pool and cursor from connection
2023-06-11 19:36:24,013:mariadb:DEBUG:Acquiring connection from pool and cursor from connection
2023-06-11 19:36:24,013:mariadb:DEBUG:Acquiring connection from pool and cursor from connection
2023-06-11 19:36:24,013:mariadb:DEBUG:Acquiring connection from pool and cursor from connection
2023-06-11 19:36:24,013:mariadb:DEBUG:Acquiring connection from pool and cursor from connection
2023-06-11 19:36:24,013:mariadb:DEBUG:Acquiring connection from pool and cursor from connection
2023-06-11 19:36:24,014:mariadb:DEBUG:Acquiring connection from pool and cursor from connection
2023-06-11 19:36:24,014:mariadb:DEBUG:Acquiring connection from pool and cursor from connection
2023-06-11 19:36:24,014:mariadb:DEBUG:Acquiring connection from pool and cursor from connection
2023-06-11 19:36:24,014:mariadb:DEBUG:Acquiring connection from pool and cursor from connection
2023-06-11 19:36:24,014:mariadb:DEBUG:Acquiring connection from pool and cursor from connection
2023-06-11 19:36:24,014:mariadb:DEBUG:Acquiring connection from pool and cursor from connection
2023-06-11 19:36:24,014:mariadb:DEBUG:Acquiring connection from pool and cursor from connection
2023-06-11 19:36:24,014:mariadb:DEBUG:Acquiring connection from pool and cursor from connection
2023-06-11 19:36:24,014:mariadb:DEBUG:Acquiring connection from pool and cursor from connection
2023-06-11 19:36:24,014:mariadb:DEBUG:Acquiring connection from pool and cursor from connection
2023-06-11 19:36:24,015:mariadb:DEBUG:Acquiring connection from pool and cursor from connection
2023-06-11 19:36:24,015:mariadb:DEBUG:Acquiring connection from pool and cursor from connection
2023-06-11 19:36:24,015:mariadb:DEBUG:Acquiring connection from pool and cursor from connection
2023-06-11 19:36:24,016:mariadb:DEBUG:Acquiring connection from pool and cursor from connection
2023-06-11 19:36:24,016:mariadb:DEBUG:Acquiring connection from pool and cursor from connection
2023-06-11 19:36:24,016:mariadb:DEBUG:Acquiring connection from pool and cursor from connection
2023-06-11 19:36:24,016:mariadb:DEBUG:Acquiring connection from pool and cursor from connection
2023-06-11 19:36:24,016:mariadb:DEBUG:Acquiring connection from pool and cursor from connection
2023-06-11 19:36:24,016:mariadb:DEBUG:Acquiring connection from pool and cursor from connection
2023-06-11 19:36:24,017:mariadb:DEBUG:Acquiring connection from pool and cursor from connection
2023-06-11 19:36:24,017:mariadb:DEBUG:Acquiring connection from pool and cursor from connection
2023-06-11 19:36:24,017:mariadb:DEBUG:Acquiring connection from pool and cursor from connection
2023-06-11 19:36:24,017:mariadb:DEBUG:Acquiring connection from pool and cursor from connection
2023-06-11 19:36:24,017:mariadb:DEBUG:Acquiring connection from pool and cursor from connection
2023-06-11 19:36:24,018:mariadb:DEBUG:Acquiring connection from pool and cursor from connection
2023-06-11 19:36:24,018:mariadb:DEBUG:Acquiring connection from pool and cursor from connection
2023-06-11 19:36:24,018:mariadb:DEBUG:Acquiring connection from pool and cursor from connection
2023-06-11 19:36:24,019:mariadb:DEBUG:Acquiring connection from pool and cursor from connection
2023-06-11 19:36:24,019:mariadb:DEBUG:Acquiring connection from pool and cursor from connection
2023-06-11 19:36:24,019:mariadb:DEBUG:Acquiring connection from pool and cursor from connection
2023-06-11 19:36:24,019:mariadb:DEBUG:Acquiring connection from pool and cursor from connection
2023-06-11 19:36:24,020:mariadb:DEBUG:Acquiring connection from pool and cursor from connection
2023-06-11 19:36:24,020:mariadb:DEBUG:Acquiring connection from pool and cursor from connection
2023-06-11 19:36:24,021:mariadb:DEBUG:Acquiring connection from pool and cursor from connection
2023-06-11 19:36:24,021:mariadb:DEBUG:Acquiring connection from pool and cursor from connection
2023-06-11 19:36:24,022:mariadb:DEBUG:Acquiring connection from pool and cursor from connection
2023-06-11 19:36:24,023:mariadb:DEBUG:Acquiring connection from pool and cursor from connection
2023-06-11 19:36:24,024:mariadb:DEBUG:Acquiring connection from pool and cursor from connection
2023-06-11 19:36:24,031:mariadb:DEBUG:Acquiring connection from pool and cursor from connection
2023-06-11 19:36:24,031:mariadb:DEBUG:Acquiring connection from pool and cursor from connection
2023-06-11 19:36:24,031:mariadb:DEBUG:Acquiring connection from pool and cursor from connection
2023-06-11 19:36:24,032:mariadb:DEBUG:Acquiring connection from pool and cursor from connection
2023-06-11 19:36:24,032:mariadb:DEBUG:Acquiring connection from pool and cursor from connection
2023-06-11 19:36:24,033:mariadb:DEBUG:Acquiring connection from pool and cursor from connection
2023-06-11 19:36:24,034:mariadb:DEBUG:Acquiring connection from pool and cursor from connection
2023-06-11 19:36:24,035:mariadb:DEBUG:Acquiring connection from pool and cursor from connection
2023-06-11 19:36:24,035:mariadb:DEBUG:Acquiring connection from pool and cursor from connection
2023-06-11 19:36:24,036:mariadb:DEBUG:Acquiring connection from pool and cursor from connection
2023-06-11 19:36:24,037:mariadb:DEBUG:Acquiring connection from pool and cursor from connection
2023-06-11 19:36:24,039:mariadb:DEBUG:Acquiring connection from pool and cursor from connection
2023-06-11 19:36:24,040:mariadb:DEBUG:Acquiring connection from pool and cursor from connection
2023-06-11 19:36:24,041:mariadb:DEBUG:Acquiring connection from pool and cursor from connection
2023-06-11 19:36:24,042:mariadb:DEBUG:Acquiring connection from pool and cursor from connection
2023-06-11 19:36:24,044:mariadb:DEBUG:Acquiring connection from pool and cursor from connection
2023-06-11 19:36:24,046:mariadb:DEBUG:Acquiring connection from pool and cursor from connection
2023-06-11 19:36:24,046:mariadb:DEBUG:Acquiring connection from pool and cursor from connection
2023-06-11 19:36:24,048:mariadb:DEBUG:Acquiring connection from pool and cursor from connection
2023-06-11 19:36:24,049:mariadb:DEBUG:Acquiring connection from pool and cursor from connection
2023-06-11 19:36:24,049:mariadb:DEBUG:Acquiring connection from pool and cursor from connection
2023-06-11 19:36:24,050:mariadb:DEBUG:Acquiring connection from pool and cursor from connection
2023-06-11 19:36:24,050:mariadb:DEBUG:Acquiring connection from pool and cursor from connection
2023-06-11 19:36:24,051:mariadb:DEBUG:Acquiring connection from pool and cursor from connection
2023-06-11 19:36:24,052:mariadb:DEBUG:Acquiring connection from pool and cursor from connection
2023-06-11 19:36:24,052:mariadb:DEBUG:Acquiring connection from pool and cursor from connection
2023-06-11 19:36:24,053:mariadb:DEBUG:Acquiring connection from pool and cursor from connection
2023-06-11 19:36:24,053:mariadb:DEBUG:Acquiring connection from pool and cursor from connection
2023-06-11 19:36:24,054:mariadb:DEBUG:Acquiring connection from pool and cursor from connection
2023-06-11 19:36:24,054:mariadb:DEBUG:Acquiring connection from pool and cursor from connection
2023-06-11 19:36:24,054:mariadb:DEBUG:Acquiring connection from pool and cursor from connection
2023-06-11 19:36:24,055:mariadb:DEBUG:Acquiring connection from pool and cursor from connection
2023-06-11 19:36:24,055:mariadb:DEBUG:Acquiring connection from pool and cursor from connection
2023-06-11 19:36:24,056:mariadb:DEBUG:Acquiring connection from pool and cursor from connection
2023-06-11 19:36:24,056:mariadb:DEBUG:Acquiring connection from pool and cursor from connection
2023-06-11 19:36:24,057:mariadb:DEBUG:Acquiring connection from pool and cursor from connection
2023-06-11 19:36:24,058:mariadb:DEBUG:Acquiring connection from pool and cursor from connection
2023-06-11 19:36:24,058:mariadb:DEBUG:Acquiring connection from pool and cursor from connection
2023-06-11 19:36:24,059:mariadb:DEBUG:Acquiring connection from pool and cursor from connection
2023-06-11 19:36:24,062:mariadb:DEBUG:Acquiring connection from pool and cursor from connection
2023-06-11 19:36:24,063:mariadb:DEBUG:Acquiring connection from pool and cursor from connection
2023-06-11 19:36:24,064:mariadb:DEBUG:Acquiring connection from pool and cursor from connection
2023-06-11 19:36:24,065:mariadb:DEBUG:Acquiring connection from pool and cursor from connection
2023-06-11 19:36:24,066:mariadb:DEBUG:Acquiring connection from pool and cursor from connection
2023-06-11 19:36:24,067:mariadb:DEBUG:Acquiring connection from pool and cursor from connection
2023-06-11 19:36:24,067:mariadb:DEBUG:Acquiring connection from pool and cursor from connection
2023-06-11 19:36:24,067:mariadb:DEBUG:Acquiring connection from pool and cursor from connection
2023-06-11 19:36:24,068:mariadb:DEBUG:Acquiring connection from pool and cursor from connection
2023-06-11 19:36:24,068:mariadb:DEBUG:Acquiring connection from pool and cursor from connection
2023-06-11 19:36:24,068:mariadb:DEBUG:Acquiring connection from pool and cursor from connection
2023-06-11 19:36:24,069:mariadb:DEBUG:Acquiring connection from pool and cursor from connection
2023-06-11 19:36:24,070:mariadb:DEBUG:Acquiring connection from pool and cursor from connection
2023-06-11 19:36:24,070:mariadb:DEBUG:Acquiring connection from pool and cursor from connection
2023-06-11 19:36:24,070:mariadb:DEBUG:Acquiring connection from pool and cursor from connection
2023-06-11 19:36:24,071:mariadb:DEBUG:Acquiring connection from pool and cursor from connection
2023-06-11 19:36:24,071:mariadb:DEBUG:Acquiring connection from pool and cursor from connection
2023-06-11 19:36:24,072:mariadb:DEBUG:Acquiring connection from pool and cursor from connection
2023-06-11 19:36:24,072:mariadb:DEBUG:Acquiring connection from pool and cursor from connection
2023-06-11 19:36:24,072:mariadb:DEBUG:Acquiring connection from pool and cursor from connection
2023-06-11 19:36:24,072:mariadb:DEBUG:Acquiring connection from pool and cursor from connection
2023-06-11 19:36:24,072:mariadb:DEBUG:Acquiring connection from pool and cursor from connection
2023-06-11 19:36:24,072:mariadb:DEBUG:Acquiring connection from pool and cursor from connection
2023-06-11 19:36:24,072:mariadb:DEBUG:Acquiring connection from pool and cursor from connection
2023-06-11 19:36:24,073:mariadb:DEBUG:Acquiring connection from pool and cursor from connection
2023-06-11 19:36:24,103:mariadb:DEBUG:Acquiring connection from pool and cursor from connection
2023-06-11 19:36:24,104:mariadb:DEBUG:Acquiring connection from pool and cursor from connection
2023-06-11 19:36:24,105:mariadb:DEBUG:Acquiring connection from pool and cursor from connection
2023-06-11 19:36:24,106:mariadb:DEBUG:Acquiring connection from pool and cursor from connection
2023-06-11 19:36:24,107:mariadb:DEBUG:Acquiring connection from pool and cursor from connection
2023-06-11 19:36:24,108:mariadb:DEBUG:Acquiring connection from pool and cursor from connection
2023-06-11 19:36:24,109:mariadb:DEBUG:Acquiring connection from pool and cursor from connection
2023-06-11 19:36:24,110:mariadb:DEBUG:Acquiring connection from pool and cursor from connection
2023-06-11 19:36:24,111:mariadb:DEBUG:Acquiring connection from pool and cursor from connection
2023-06-11 19:36:24,113:mariadb:DEBUG:Acquiring connection from pool and cursor from connection
2023-06-11 19:36:24,114:mariadb:DEBUG:Acquiring connection from pool and cursor from connection
2023-06-11 19:36:24,115:mariadb:DEBUG:Acquiring connection from pool and cursor from connection
2023-06-11 19:36:24,117:mariadb:DEBUG:Acquiring connection from pool and cursor from connection
2023-06-11 19:36:24,119:mariadb:DEBUG:Acquiring connection from pool and cursor from connection
2023-06-11 19:36:24,119:mariadb:DEBUG:Acquiring connection from pool and cursor from connection
2023-06-11 19:36:24,123:mariadb:DEBUG:Acquiring connection from pool and cursor from connection
2023-06-11 19:36:24,124:mariadb:DEBUG:Acquiring connection from pool and cursor from connection
2023-06-11 19:36:24,125:mariadb:DEBUG:Acquiring connection from pool and cursor from connection
2023-06-11 19:36:24,126:mariadb:DEBUG:Acquiring connection from pool and cursor from connection
2023-06-11 19:36:24,126:mariadb:DEBUG:Acquiring connection from pool and cursor from connection
2023-06-11 19:36:24,127:mariadb:DEBUG:Acquiring connection from pool and cursor from connection
2023-06-11 19:36:24,128:mariadb:DEBUG:Acquiring connection from pool and cursor from connection
2023-06-11 19:36:24,129:mariadb:DEBUG:Acquiring connection from pool and cursor from connection
2023-06-11 19:36:24,130:mariadb:DEBUG:Acquiring connection from pool and cursor from connection
2023-06-11 19:36:24,131:mariadb:DEBUG:Acquiring connection from pool and cursor from connection
2023-06-11 19:36:24,134:mariadb:DEBUG:Acquiring connection from pool and cursor from connection
2023-06-11 19:36:24,135:mariadb:DEBUG:Acquiring connection from pool and cursor from connection
2023-06-11 19:36:24,135:mariadb:DEBUG:Acquiring connection from pool and cursor from connection
2023-06-11 19:36:24,136:mariadb:DEBUG:Acquiring connection from pool and cursor from connection
2023-06-11 19:36:24,136:mariadb:DEBUG:Acquiring connection from pool and cursor from connection
2023-06-11 19:36:24,137:mariadb:DEBUG:Acquiring connection from pool and cursor from connection
2023-06-11 19:36:24,137:mariadb:DEBUG:Acquiring connection from pool and cursor from connection
2023-06-11 19:36:24,138:mariadb:DEBUG:Acquiring connection from pool and cursor from connection
2023-06-11 19:36:24,146:mariadb:DEBUG:Acquiring connection from pool and cursor from connection
2023-06-11 19:36:24,147:mariadb:DEBUG:Acquiring connection from pool and cursor from connection
2023-06-11 19:36:24,151:mariadb:DEBUG:Acquiring connection from pool and cursor from connection
2023-06-11 19:36:24,157:mariadb:DEBUG:Acquiring connection from pool and cursor from connection
2023-06-11 19:36:24,157:mariadb:DEBUG:Acquiring connection from pool and cursor from connection
2023-06-11 19:36:24,158:mariadb:DEBUG:Acquiring connection from pool and cursor from connection
2023-06-11 19:36:24,158:mariadb:DEBUG:Acquiring connection from pool and cursor from connection
2023-06-11 19:36:24,158:mariadb:DEBUG:Acquiring connection from pool and cursor from connection
2023-06-11 19:36:24,158:mariadb:DEBUG:Acquiring connection from pool and cursor from connection
2023-06-11 19:36:24,159:mariadb:DEBUG:Acquiring connection from pool and cursor from connection
2023-06-11 19:36:24,159:mariadb:DEBUG:Acquiring connection from pool and cursor from connection
2023-06-11 19:36:24,159:mariadb:DEBUG:Acquiring connection from pool and cursor from connection
2023-06-11 19:36:24,159:mariadb:DEBUG:Acquiring connection from pool and cursor from connection
2023-06-11 19:36:24,160:mariadb:DEBUG:Acquiring connection from pool and cursor from connection
2023-06-11 19:36:24,160:mariadb:DEBUG:Acquiring connection from pool and cursor from connection
2023-06-11 19:36:24,161:mariadb:DEBUG:Acquiring connection from pool and cursor from connection
2023-06-11 19:36:24,165:mariadb:DEBUG:Acquiring connection from pool and cursor from connection
2023-06-11 19:36:24,170:mariadb:DEBUG:Acquiring connection from pool and cursor from connection
2023-06-11 19:36:24,170:mariadb:DEBUG:Acquiring connection from pool and cursor from connection
2023-06-11 19:36:24,171:mariadb:DEBUG:Acquiring connection from pool and cursor from connection
2023-06-11 19:36:24,171:mariadb:DEBUG:Acquiring connection from pool and cursor from connection
2023-06-11 19:36:24,171:mariadb:DEBUG:Acquiring connection from pool and cursor from connection
2023-06-11 19:36:24,171:mariadb:DEBUG:Acquiring connection from pool and cursor from connection
2023-06-11 19:36:24,172:mariadb:DEBUG:Acquiring connection from pool and cursor from connection
2023-06-11 19:36:24,172:mariadb:DEBUG:Acquiring connection from pool and cursor from connection
2023-06-11 19:36:24,172:mariadb:DEBUG:Acquiring connection from pool and cursor from connection
2023-06-11 19:36:24,172:mariadb:DEBUG:Acquiring connection from pool and cursor from connection
2023-06-11 19:36:24,173:mariadb:DEBUG:Acquiring connection from pool and cursor from connection
2023-06-11 19:36:24,173:mariadb:DEBUG:Acquiring connection from pool and cursor from connection
2023-06-11 19:36:24,173:mariadb:DEBUG:Acquiring connection from pool and cursor from connection
2023-06-11 19:36:24,173:mariadb:DEBUG:Acquiring connection from pool and cursor from connection
2023-06-11 19:36:24,174:mariadb:DEBUG:Acquiring connection from pool and cursor from connection
2023-06-11 19:36:24,174:mariadb:DEBUG:Acquiring connection from pool and cursor from connection
2023-06-11 19:36:24,174:mariadb:DEBUG:Acquiring connection from pool and cursor from connection
2023-06-11 19:36:24,174:mariadb:DEBUG:Acquiring connection from pool and cursor from connection
2023-06-11 19:36:24,175:mariadb:DEBUG:Acquiring connection from pool and cursor from connection
2023-06-11 19:36:24,175:mariadb:DEBUG:Acquiring connection from pool and cursor from connection
2023-06-11 19:36:24,175:mariadb:DEBUG:Acquiring connection from pool and cursor from connection
2023-06-11 19:36:24,175:mariadb:DEBUG:Acquiring connection from pool and cursor from connection
2023-06-11 19:36:24,175:mariadb:DEBUG:Acquiring connection from pool and cursor from connection
2023-06-11 19:36:24,176:mariadb:DEBUG:Acquiring connection from pool and cursor from connection
2023-06-11 19:36:24,176:mariadb:DEBUG:Acquiring connection from pool and cursor from connection
2023-06-11 19:36:24,176:mariadb:DEBUG:Acquiring connection from pool and cursor from connection
2023-06-11 19:36:24,181:mariadb:DEBUG:Acquiring connection from pool and cursor from connection
2023-06-11 19:36:24,182:mariadb:DEBUG:Acquiring connection from pool and cursor from connection
2023-06-11 19:36:24,183:mariadb:DEBUG:Acquiring connection from pool and cursor from connection
2023-06-11 19:36:24,183:mariadb:DEBUG:Acquiring connection from pool and cursor from connection
2023-06-11 19:36:24,184:mariadb:DEBUG:Acquiring connection from pool and cursor from connection
2023-06-11 19:36:24,184:mariadb:DEBUG:Acquiring connection from pool and cursor from connection
2023-06-11 19:36:24,185:mariadb:DEBUG:Acquiring connection from pool and cursor from connection
2023-06-11 19:36:24,185:mariadb:DEBUG:Acquiring connection from pool and cursor from connection
2023-06-11 19:36:24,185:mariadb:DEBUG:Acquiring connection from pool and cursor from connection
2023-06-11 19:36:24,186:mariadb:DEBUG:Acquiring connection from pool and cursor from connection
2023-06-11 19:36:24,186:mariadb:DEBUG:Acquiring connection from pool and cursor from connection
2023-06-11 19:36:24,186:mariadb:DEBUG:Acquiring connection from pool and cursor from connection
2023-06-11 19:36:24,187:mariadb:DEBUG:Acquiring connection from pool and cursor from connection
2023-06-11 19:36:24,187:mariadb:DEBUG:Acquiring connection from pool and cursor from connection
2023-06-11 19:36:24,187:mariadb:DEBUG:Acquiring connection from pool and cursor from connection
2023-06-11 19:36:24,193:mariadb:DEBUG:Acquiring connection from pool and cursor from connection
2023-06-11 19:36:24,193:mariadb:DEBUG:Acquiring connection from pool and cursor from connection
2023-06-11 19:36:24,194:mariadb:DEBUG:Acquiring connection from pool and cursor from connection
2023-06-11 19:36:24,194:mariadb:DEBUG:Acquiring connection from pool and cursor from connection
2023-06-11 19:36:24,195:mariadb:DEBUG:Acquiring connection from pool and cursor from connection
2023-06-11 19:36:24,199:mariadb:DEBUG:Acquiring connection from pool and cursor from connection
2023-06-11 19:36:24,200:mariadb:DEBUG:Acquiring connection from pool and cursor from connection
2023-06-11 19:36:24,201:mariadb:DEBUG:Acquiring connection from pool and cursor from connection
2023-06-11 19:36:24,204:mariadb:DEBUG:Acquiring connection from pool and cursor from connection
2023-06-11 19:36:24,205:mariadb:DEBUG:Acquiring connection from pool and cursor from connection
2023-06-11 19:36:24,205:mariadb:DEBUG:Acquiring connection from pool and cursor from connection
2023-06-11 19:36:24,205:mariadb:DEBUG:Acquiring connection from pool and cursor from connection
2023-06-11 19:36:24,205:mariadb:DEBUG:Acquiring connection from pool and cursor from connection
2023-06-11 19:36:24,205:mariadb:DEBUG:Acquiring connection from pool and cursor from connection
2023-06-11 19:36:24,206:mariadb:DEBUG:Acquiring connection from pool and cursor from connection
2023-06-11 19:36:24,206:mariadb:DEBUG:Acquiring connection from pool and cursor from connection
2023-06-11 19:36:24,207:mariadb:DEBUG:Acquiring connection from pool and cursor from connection
2023-06-11 19:36:24,208:mariadb:DEBUG:Acquiring connection from pool and cursor from connection
2023-06-11 19:36:24,209:mariadb:DEBUG:Acquiring connection from pool and cursor from connection
2023-06-11 19:36:24,209:mariadb:DEBUG:Acquiring connection from pool and cursor from connection
2023-06-11 19:36:24,211:mariadb:DEBUG:Acquiring connection from pool and cursor from connection
2023-06-11 19:36:24,212:mariadb:DEBUG:Acquiring connection from pool and cursor from connection
2023-06-11 19:36:24,213:mariadb:DEBUG:Acquiring connection from pool and cursor from connection
2023-06-11 19:36:24,213:mariadb:DEBUG:Acquiring connection from pool and cursor from connection
2023-06-11 19:36:24,213:mariadb:DEBUG:Acquiring connection from pool and cursor from connection
2023-06-11 19:36:24,214:mariadb:DEBUG:Acquiring connection from pool and cursor from connection
2023-06-11 19:36:24,214:mariadb:DEBUG:Acquiring connection from pool and cursor from connection
2023-06-11 19:36:24,214:mariadb:DEBUG:Acquiring connection from pool and cursor from connection
2023-06-11 19:36:24,214:mariadb:DEBUG:Acquiring connection from pool and cursor from connection
2023-06-11 19:36:24,214:mariadb:DEBUG:Acquiring connection from pool and cursor from connection
2023-06-11 19:36:24,214:mariadb:DEBUG:Acquiring connection from pool and cursor from connection
2023-06-11 19:36:24,214:mariadb:DEBUG:Acquiring connection from pool and cursor from connection
2023-06-11 19:36:24,215:mariadb:DEBUG:Acquiring connection from pool and cursor from connection
2023-06-11 19:36:24,215:mariadb:DEBUG:Acquiring connection from pool and cursor from connection
2023-06-11 19:36:24,215:mariadb:DEBUG:Acquiring connection from pool and cursor from connection
2023-06-11 19:36:24,215:mariadb:DEBUG:Acquiring connection from pool and cursor from connection
2023-06-11 19:36:24,215:mariadb:DEBUG:Acquiring connection from pool and cursor from connection
2023-06-11 19:36:24,215:mariadb:DEBUG:Acquiring connection from pool and cursor from connection
2023-06-11 19:36:24,215:mariadb:DEBUG:Acquiring connection from pool and cursor from connection
2023-06-11 19:36:24,216:mariadb:DEBUG:Acquiring connection from pool and cursor from connection
2023-06-11 19:36:24,216:mariadb:DEBUG:Acquiring connection from pool and cursor from connection
2023-06-11 19:36:24,216:mariadb:DEBUG:Acquiring connection from pool and cursor from connection
2023-06-11 19:36:24,216:mariadb:DEBUG:Acquiring connection from pool and cursor from connection
2023-06-11 19:36:24,222:mariadb:DEBUG:Acquiring connection from pool and cursor from connection
2023-06-11 19:36:24,223:mariadb:DEBUG:Acquiring connection from pool and cursor from connection
2023-06-11 19:36:24,223:mariadb:DEBUG:Acquiring connection from pool and cursor from connection
2023-06-11 19:36:24,223:mariadb:DEBUG:Acquiring connection from pool and cursor from connection
2023-06-11 19:36:24,223:mariadb:DEBUG:Acquiring connection from pool and cursor from connection
2023-06-11 19:36:24,223:mariadb:DEBUG:Acquiring connection from pool and cursor from connection
2023-06-11 19:36:24,223:mariadb:DEBUG:Acquiring connection from pool and cursor from connection
2023-06-11 19:36:24,223:mariadb:DEBUG:Acquiring connection from pool and cursor from connection
2023-06-11 19:36:24,223:mariadb:DEBUG:Acquiring connection from pool and cursor from connection
2023-06-11 19:36:24,223:mariadb:DEBUG:Acquiring connection from pool and cursor from connection
2023-06-11 19:36:24,223:mariadb:DEBUG:Acquiring connection from pool and cursor from connection
2023-06-11 19:36:24,224:mariadb:DEBUG:Acquiring connection from pool and cursor from connection
2023-06-11 19:36:24,224:mariadb:DEBUG:Acquiring connection from pool and cursor from connection
2023-06-11 19:36:24,224:mariadb:DEBUG:Acquiring connection from pool and cursor from connection
2023-06-11 19:36:24,224:mariadb:DEBUG:Acquiring connection from pool and cursor from connection
2023-06-11 19:36:24,224:mariadb:DEBUG:Acquiring connection from pool and cursor from connection
2023-06-11 19:36:24,224:mariadb:DEBUG:Acquiring connection from pool and cursor from connection
2023-06-11 19:36:24,224:mariadb:DEBUG:Acquiring connection from pool and cursor from connection
2023-06-11 19:36:24,224:mariadb:DEBUG:Acquiring connection from pool and cursor from connection
2023-06-11 19:36:24,224:mariadb:DEBUG:Acquiring connection from pool and cursor from connection
2023-06-11 19:36:24,224:mariadb:DEBUG:Acquiring connection from pool and cursor from connection
2023-06-11 19:36:24,224:mariadb:DEBUG:Acquiring connection from pool and cursor from connection
2023-06-11 19:36:24,225:mariadb:DEBUG:Acquiring connection from pool and cursor from connection
2023-06-11 19:36:24,225:mariadb:DEBUG:Acquiring connection from pool and cursor from connection
2023-06-11 19:36:24,225:mariadb:DEBUG:Acquiring connection from pool and cursor from connection
2023-06-11 19:36:24,225:mariadb:DEBUG:Acquiring connection from pool and cursor from connection
2023-06-11 19:36:24,225:mariadb:DEBUG:Acquiring connection from pool and cursor from connection
2023-06-11 19:36:24,225:mariadb:DEBUG:Acquiring connection from pool and cursor from connection
2023-06-11 19:36:24,225:mariadb:DEBUG:Acquiring connection from pool and cursor from connection
2023-06-11 19:36:24,225:mariadb:DEBUG:Acquiring connection from pool and cursor from connection
2023-06-11 19:36:24,225:mariadb:DEBUG:Acquiring connection from pool and cursor from connection
2023-06-11 19:36:24,225:mariadb:DEBUG:Acquiring connection from pool and cursor from connection
2023-06-11 19:36:24,226:mariadb:DEBUG:Acquiring connection from pool and cursor from connection
2023-06-11 19:36:24,226:mariadb:DEBUG:Acquiring connection from pool and cursor from connection
2023-06-11 19:36:24,226:mariadb:DEBUG:Acquiring connection from pool and cursor from connection
2023-06-11 19:36:24,226:mariadb:DEBUG:Acquiring connection from pool and cursor from connection
2023-06-11 19:36:24,226:mariadb:DEBUG:Acquiring connection from pool and cursor from connection
2023-06-11 19:36:24,226:mariadb:DEBUG:Acquiring connection from pool and cursor from connection
2023-06-11 19:36:24,226:mariadb:DEBUG:Acquiring connection from pool and cursor from connection
2023-06-11 19:36:24,226:mariadb:DEBUG:Acquiring connection from pool and cursor from connection
2023-06-11 19:36:24,226:mariadb:DEBUG:Acquiring connection from pool and cursor from connection
2023-06-11 19:36:24,227:mariadb:DEBUG:Acquiring connection from pool and cursor from connection
2023-06-11 19:36:24,227:mariadb:DEBUG:Acquiring connection from pool and cursor from connection
2023-06-11 19:36:24,227:mariadb:DEBUG:Acquiring connection from pool and cursor from connection
2023-06-11 19:36:24,227:mariadb:DEBUG:Acquiring connection from pool and cursor from connection
2023-06-11 19:36:24,228:mariadb:DEBUG:Acquiring connection from pool and cursor from connection
2023-06-11 19:36:24,228:mariadb:DEBUG:Acquiring connection from pool and cursor from connection
2023-06-11 19:36:24,228:mariadb:DEBUG:Acquiring connection from pool and cursor from connection
2023-06-11 19:36:24,228:mariadb:DEBUG:Acquiring connection from pool and cursor from connection
2023-06-11 19:36:24,228:mariadb:DEBUG:Acquiring connection from pool and cursor from connection
2023-06-11 19:36:24,228:mariadb:DEBUG:Acquiring connection from pool and cursor from connection
2023-06-11 19:36:24,229:mariadb:DEBUG:Acquiring connection from pool and cursor from connection
2023-06-11 19:36:24,229:mariadb:DEBUG:Acquiring connection from pool and cursor from connection
2023-06-11 19:36:24,229:mariadb:DEBUG:Acquiring connection from pool and cursor from connection
2023-06-11 19:36:24,229:mariadb:DEBUG:Acquiring connection from pool and cursor from connection
2023-06-11 19:36:24,229:mariadb:DEBUG:Acquiring connection from pool and cursor from connection
2023-06-11 19:36:24,229:mariadb:DEBUG:Acquiring connection from pool and cursor from connection
2023-06-11 19:36:24,229:mariadb:DEBUG:Acquiring connection from pool and cursor from connection
2023-06-11 19:36:24,229:mariadb:DEBUG:Acquiring connection from pool and cursor from connection
2023-06-11 19:36:24,230:mariadb:DEBUG:Acquiring connection from pool and cursor from connection
2023-06-11 19:36:24,230:mariadb:DEBUG:Acquiring connection from pool and cursor from connection
2023-06-11 19:36:24,237:mariadb:DEBUG:Acquiring connection from pool and cursor from connection
2023-06-11 19:36:24,238:mariadb:DEBUG:Acquiring connection from pool and cursor from connection
2023-06-11 19:36:24,238:mariadb:DEBUG:Acquiring connection from pool and cursor from connection
2023-06-11 19:36:24,238:mariadb:DEBUG:Acquiring connection from pool and cursor from connection
2023-06-11 19:36:24,238:mariadb:DEBUG:Acquiring connection from pool and cursor from connection
2023-06-11 19:36:24,239:mariadb:DEBUG:Acquiring connection from pool and cursor from connection
2023-06-11 19:36:24,240:mariadb:DEBUG:Acquiring connection from pool and cursor from connection
2023-06-11 19:36:24,240:mariadb:DEBUG:Acquiring connection from pool and cursor from connection
2023-06-11 19:36:24,240:mariadb:DEBUG:Acquiring connection from pool and cursor from connection
2023-06-11 19:36:24,240:mariadb:DEBUG:Acquiring connection from pool and cursor from connection
2023-06-11 19:36:24,240:mariadb:DEBUG:Acquiring connection from pool and cursor from connection
2023-06-11 19:36:24,241:mariadb:DEBUG:Acquiring connection from pool and cursor from connection
2023-06-11 19:36:24,243:mariadb:DEBUG:Acquiring connection from pool and cursor from connection
2023-06-11 19:36:24,243:mariadb:DEBUG:Acquiring connection from pool and cursor from connection
2023-06-11 19:36:24,243:mariadb:DEBUG:Acquiring connection from pool and cursor from connection
2023-06-11 19:36:24,243:mariadb:DEBUG:Acquiring connection from pool and cursor from connection
2023-06-11 19:36:24,243:mariadb:DEBUG:Acquiring connection from pool and cursor from connection
2023-06-11 19:36:24,244:mariadb:DEBUG:Acquiring connection from pool and cursor from connection
2023-06-11 19:36:24,244:mariadb:DEBUG:Acquiring connection from pool and cursor from connection
2023-06-11 19:36:24,244:mariadb:DEBUG:Acquiring connection from pool and cursor from connection
2023-06-11 19:36:24,244:mariadb:DEBUG:Acquiring connection from pool and cursor from connection
2023-06-11 19:36:24,244:mariadb:DEBUG:Acquiring connection from pool and cursor from connection
2023-06-11 19:36:24,244:mariadb:DEBUG:Acquiring connection from pool and cursor from connection
2023-06-11 19:36:24,247:mariadb:DEBUG:Acquiring connection from pool and cursor from connection
2023-06-11 19:36:24,247:mariadb:DEBUG:Acquiring connection from pool and cursor from connection
2023-06-11 19:36:24,247:mariadb:DEBUG:Acquiring connection from pool and cursor from connection
2023-06-11 19:36:24,247:mariadb:DEBUG:Acquiring connection from pool and cursor from connection
2023-06-11 19:36:24,248:mariadb:DEBUG:Acquiring connection from pool and cursor from connection
2023-06-11 19:36:24,248:mariadb:DEBUG:Acquiring connection from pool and cursor from connection
2023-06-11 19:36:24,248:mariadb:DEBUG:Acquiring connection from pool and cursor from connection
2023-06-11 19:36:24,248:mariadb:DEBUG:Acquiring connection from pool and cursor from connection
2023-06-11 19:36:24,252:mariadb:DEBUG:Acquiring connection from pool and cursor from connection
2023-06-11 19:36:24,255:mariadb:DEBUG:Acquiring connection from pool and cursor from connection
2023-06-11 19:36:24,255:mariadb:DEBUG:Acquiring connection from pool and cursor from connection
2023-06-11 19:36:24,256:mariadb:DEBUG:Acquiring connection from pool and cursor from connection
2023-06-11 19:36:24,256:mariadb:DEBUG:Acquiring connection from pool and cursor from connection
2023-06-11 19:36:24,256:mariadb:DEBUG:Acquiring connection from pool and cursor from connection
2023-06-11 19:36:24,256:mariadb:DEBUG:Acquiring connection from pool and cursor from connection
2023-06-11 19:36:24,256:mariadb:DEBUG:Acquiring connection from pool and cursor from connection
2023-06-11 19:36:24,256:mariadb:DEBUG:Acquiring connection from pool and cursor from connection
2023-06-11 19:36:24,257:mariadb:DEBUG:Acquiring connection from pool and cursor from connection
2023-06-11 19:36:24,257:mariadb:DEBUG:Acquiring connection from pool and cursor from connection
2023-06-11 19:36:24,257:mariadb:DEBUG:Acquiring connection from pool and cursor from connection
2023-06-11 19:36:24,257:mariadb:DEBUG:Acquiring connection from pool and cursor from connection
2023-06-11 19:36:24,257:mariadb:DEBUG:Acquiring connection from pool and cursor from connection
2023-06-11 19:36:24,257:mariadb:DEBUG:Acquiring connection from pool and cursor from connection
2023-06-11 19:36:24,257:mariadb:DEBUG:Acquiring connection from pool and cursor from connection
2023-06-11 19:36:24,258:mariadb:DEBUG:Acquiring connection from pool and cursor from connection
2023-06-11 19:36:24,258:mariadb:DEBUG:Acquiring connection from pool and cursor from connection
2023-06-11 19:36:24,258:mariadb:DEBUG:Acquiring connection from pool and cursor from connection
2023-06-11 19:36:24,258:mariadb:DEBUG:Acquiring connection from pool and cursor from connection
2023-06-11 19:36:24,258:mariadb:DEBUG:Acquiring connection from pool and cursor from connection
2023-06-11 19:36:24,259:mariadb:DEBUG:Acquiring connection from pool and cursor from connection
2023-06-11 19:36:24,259:mariadb:DEBUG:Acquiring connection from pool and cursor from connection
2023-06-11 19:36:24,259:mariadb:DEBUG:Acquiring connection from pool and cursor from connection
2023-06-11 19:36:24,264:mariadb:DEBUG:Acquiring connection from pool and cursor from connection
2023-06-11 19:36:24,265:mariadb:DEBUG:Acquiring connection from pool and cursor from connection
2023-06-11 19:36:24,265:mariadb:DEBUG:Acquiring connection from pool and cursor from connection
2023-06-11 19:36:24,265:mariadb:DEBUG:Acquiring connection from pool and cursor from connection
2023-06-11 19:36:24,268:mariadb:DEBUG:Acquiring connection from pool and cursor from connection
2023-06-11 19:36:24,269:mariadb:DEBUG:Acquiring connection from pool and cursor from connection
2023-06-11 19:36:24,270:mariadb:DEBUG:Acquiring connection from pool and cursor from connection
2023-06-11 19:36:24,275:mariadb:DEBUG:Acquiring connection from pool and cursor from connection
2023-06-11 19:36:24,276:mariadb:DEBUG:Acquiring connection from pool and cursor from connection
2023-06-11 19:36:24,276:mariadb:DEBUG:Acquiring connection from pool and cursor from connection
2023-06-11 19:36:24,278:mariadb:DEBUG:Acquiring connection from pool and cursor from connection
2023-06-11 19:36:24,278:mariadb:DEBUG:Acquiring connection from pool and cursor from connection
2023-06-11 19:36:24,280:mariadb:DEBUG:Acquiring connection from pool and cursor from connection
2023-06-11 19:36:24,281:mariadb:DEBUG:Acquiring connection from pool and cursor from connection
2023-06-11 19:36:24,281:mariadb:DEBUG:Acquiring connection from pool and cursor from connection
2023-06-11 19:36:24,283:mariadb:DEBUG:Acquiring connection from pool and cursor from connection
2023-06-11 19:36:24,283:mariadb:DEBUG:Acquiring connection from pool and cursor from connection
2023-06-11 19:36:24,283:mariadb:DEBUG:Acquiring connection from pool and cursor from connection
2023-06-11 19:36:24,284:mariadb:DEBUG:Acquiring connection from pool and cursor from connection
2023-06-11 19:36:24,284:mariadb:DEBUG:Acquiring connection from pool and cursor from connection
2023-06-11 19:36:24,284:mariadb:DEBUG:Acquiring connection from pool and cursor from connection
2023-06-11 19:36:24,284:mariadb:DEBUG:Acquiring connection from pool and cursor from connection
2023-06-11 19:36:24,284:mariadb:DEBUG:Acquiring connection from pool and cursor from connection
2023-06-11 19:36:24,284:mariadb:DEBUG:Acquiring connection from pool and cursor from connection
2023-06-11 19:36:24,284:mariadb:DEBUG:Acquiring connection from pool and cursor from connection
2023-06-11 19:36:24,284:mariadb:DEBUG:Acquiring connection from pool and cursor from connection
2023-06-11 19:36:24,285:mariadb:DEBUG:Acquiring connection from pool and cursor from connection
2023-06-11 19:36:24,285:mariadb:DEBUG:Acquiring connection from pool and cursor from connection
2023-06-11 19:36:24,285:mariadb:DEBUG:Acquiring connection from pool and cursor from connection
2023-06-11 19:36:24,285:mariadb:DEBUG:Acquiring connection from pool and cursor from connection
2023-06-11 19:36:24,285:mariadb:DEBUG:Acquiring connection from pool and cursor from connection
2023-06-11 19:36:24,285:mariadb:DEBUG:Acquiring connection from pool and cursor from connection
2023-06-11 19:36:24,286:mariadb:DEBUG:Acquiring connection from pool and cursor from connection
2023-06-11 19:36:24,286:mariadb:DEBUG:Acquiring connection from pool and cursor from connection
2023-06-11 19:36:24,286:mariadb:DEBUG:Acquiring connection from pool and cursor from connection
2023-06-11 19:36:24,286:mariadb:DEBUG:Acquiring connection from pool and cursor from connection
2023-06-11 19:36:24,286:mariadb:DEBUG:Acquiring connection from pool and cursor from connection
2023-06-11 19:36:24,286:mariadb:DEBUG:Acquiring connection from pool and cursor from connection
2023-06-11 19:36:24,286:mariadb:DEBUG:Acquiring connection from pool and cursor from connection
2023-06-11 19:36:24,286:mariadb:DEBUG:Acquiring connection from pool and cursor from connection
2023-06-11 19:36:24,287:mariadb:DEBUG:Acquiring connection from pool and cursor from connection
2023-06-11 19:36:24,287:mariadb:DEBUG:Acquiring connection from pool and cursor from connection
2023-06-11 19:36:24,288:mariadb:DEBUG:Acquiring connection from pool and cursor from connection
2023-06-11 19:36:24,288:mariadb:DEBUG:Acquiring connection from pool and cursor from connection
2023-06-11 19:36:24,288:mariadb:DEBUG:Acquiring connection from pool and cursor from connection
2023-06-11 19:36:24,288:mariadb:DEBUG:Acquiring connection from pool and cursor from connection
2023-06-11 19:36:24,289:mariadb:DEBUG:Acquiring connection from pool and cursor from connection
2023-06-11 19:36:24,290:mariadb:DEBUG:Acquiring connection from pool and cursor from connection
2023-06-11 19:36:24,291:mariadb:DEBUG:Acquiring connection from pool and cursor from connection
2023-06-11 19:36:24,291:mariadb:DEBUG:Acquiring connection from pool and cursor from connection
2023-06-11 19:36:24,292:mariadb:DEBUG:Acquiring connection from pool and cursor from connection
2023-06-11 19:36:24,292:mariadb:DEBUG:Acquiring connection from pool and cursor from connection
2023-06-11 19:36:24,292:mariadb:DEBUG:Acquiring connection from pool and cursor from connection
2023-06-11 19:36:24,293:mariadb:DEBUG:Acquiring connection from pool and cursor from connection
2023-06-11 19:36:24,294:mariadb:DEBUG:Acquiring connection from pool and cursor from connection
2023-06-11 19:36:24,296:mariadb:DEBUG:Acquiring connection from pool and cursor from connection
2023-06-11 19:36:24,297:mariadb:DEBUG:Acquiring connection from pool and cursor from connection
2023-06-11 19:36:24,298:mariadb:DEBUG:Acquiring connection from pool and cursor from connection
2023-06-11 19:36:24,298:mariadb:DEBUG:Acquiring connection from pool and cursor from connection
2023-06-11 19:36:24,299:mariadb:DEBUG:Acquiring connection from pool and cursor from connection
2023-06-11 19:36:24,299:mariadb:DEBUG:Acquiring connection from pool and cursor from connection
2023-06-11 19:36:24,300:mariadb:DEBUG:Acquiring connection from pool and cursor from connection
2023-06-11 19:36:24,301:mariadb:DEBUG:Acquiring connection from pool and cursor from connection
2023-06-11 19:36:24,301:mariadb:DEBUG:Acquiring connection from pool and cursor from connection
2023-06-11 19:36:24,304:mariadb:DEBUG:Acquiring connection from pool and cursor from connection
2023-06-11 19:36:24,304:mariadb:DEBUG:Acquiring connection from pool and cursor from connection
2023-06-11 19:36:24,305:mariadb:DEBUG:Acquiring connection from pool and cursor from connection
2023-06-11 19:36:24,305:mariadb:DEBUG:Acquiring connection from pool and cursor from connection
2023-06-11 19:36:24,305:mariadb:DEBUG:Acquiring connection from pool and cursor from connection
2023-06-11 19:36:24,306:mariadb:DEBUG:Acquiring connection from pool and cursor from connection
2023-06-11 19:36:24,306:mariadb:DEBUG:Acquiring connection from pool and cursor from connection
2023-06-11 19:36:24,306:mariadb:DEBUG:Acquiring connection from pool and cursor from connection
2023-06-11 19:36:24,306:mariadb:DEBUG:Acquiring connection from pool and cursor from connection
2023-06-11 19:36:24,307:mariadb:DEBUG:Acquiring connection from pool and cursor from connection
2023-06-11 19:36:24,308:mariadb:DEBUG:Acquiring connection from pool and cursor from connection
2023-06-11 19:36:24,309:mariadb:DEBUG:Acquiring connection from pool and cursor from connection
2023-06-11 19:36:24,310:mariadb:DEBUG:Acquiring connection from pool and cursor from connection
2023-06-11 19:36:24,312:mariadb:DEBUG:Acquiring connection from pool and cursor from connection
2023-06-11 19:36:24,314:mariadb:DEBUG:Acquiring connection from pool and cursor from connection
2023-06-11 19:36:24,314:mariadb:DEBUG:Acquiring connection from pool and cursor from connection
2023-06-11 19:36:24,315:mariadb:DEBUG:Acquiring connection from pool and cursor from connection
2023-06-11 19:36:24,315:mariadb:DEBUG:Acquiring connection from pool and cursor from connection
2023-06-11 19:36:24,316:mariadb:DEBUG:Acquiring connection from pool and cursor from connection
2023-06-11 19:36:24,316:mariadb:DEBUG:Acquiring connection from pool and cursor from connection
2023-06-11 19:36:24,316:mariadb:DEBUG:Acquiring connection from pool and cursor from connection
2023-06-11 19:36:24,318:mariadb:DEBUG:Acquiring connection from pool and cursor from connection
2023-06-11 19:36:24,319:mariadb:DEBUG:Acquiring connection from pool and cursor from connection
2023-06-11 19:36:24,320:mariadb:DEBUG:Acquiring connection from pool and cursor from connection
2023-06-11 19:36:24,321:mariadb:DEBUG:Acquiring connection from pool and cursor from connection
2023-06-11 19:36:24,321:mariadb:DEBUG:Acquiring connection from pool and cursor from connection
2023-06-11 19:36:24,322:mariadb:DEBUG:Acquiring connection from pool and cursor from connection
2023-06-11 19:36:24,323:mariadb:DEBUG:Acquiring connection from pool and cursor from connection
2023-06-11 19:36:24,324:mariadb:DEBUG:Acquiring connection from pool and cursor from connection
2023-06-11 19:36:24,324:mariadb:DEBUG:Acquiring connection from pool and cursor from connection
2023-06-11 19:36:24,324:mariadb:DEBUG:Acquiring connection from pool and cursor from connection
2023-06-11 19:36:24,324:mariadb:DEBUG:Acquiring connection from pool and cursor from connection
2023-06-11 19:36:24,325:mariadb:DEBUG:Acquiring connection from pool and cursor from connection
2023-06-11 19:36:24,325:mariadb:DEBUG:Acquiring connection from pool and cursor from connection
2023-06-11 19:36:24,325:mariadb:DEBUG:Acquiring connection from pool and cursor from connection
2023-06-11 19:36:24,325:mariadb:DEBUG:Acquiring connection from pool and cursor from connection
2023-06-11 19:36:24,325:mariadb:DEBUG:Acquiring connection from pool and cursor from connection
2023-06-11 19:36:24,326:mariadb:DEBUG:Acquiring connection from pool and cursor from connection
2023-06-11 19:36:24,326:mariadb:DEBUG:Acquiring connection from pool and cursor from connection
2023-06-11 19:36:24,328:mariadb:DEBUG:Acquiring connection from pool and cursor from connection
2023-06-11 19:36:24,329:mariadb:DEBUG:Acquiring connection from pool and cursor from connection
2023-06-11 19:36:24,330:mariadb:DEBUG:Acquiring connection from pool and cursor from connection
2023-06-11 19:36:24,330:mariadb:DEBUG:Acquiring connection from pool and cursor from connection
2023-06-11 19:36:24,330:mariadb:DEBUG:Acquiring connection from pool and cursor from connection
2023-06-11 19:36:24,330:mariadb:DEBUG:Acquiring connection from pool and cursor from connection
2023-06-11 19:36:24,330:mariadb:DEBUG:Acquiring connection from pool and cursor from connection
2023-06-11 19:36:24,331:mariadb:DEBUG:Acquiring connection from pool and cursor from connection
2023-06-11 19:36:24,331:mariadb:DEBUG:Acquiring connection from pool and cursor from connection
2023-06-11 19:36:24,331:mariadb:DEBUG:Acquiring connection from pool and cursor from connection
2023-06-11 19:36:24,331:mariadb:DEBUG:Acquiring connection from pool and cursor from connection
2023-06-11 19:36:24,331:mariadb:DEBUG:Acquiring connection from pool and cursor from connection
2023-06-11 19:36:24,331:mariadb:DEBUG:Acquiring connection from pool and cursor from connection
2023-06-11 19:36:24,331:mariadb:DEBUG:Acquiring connection from pool and cursor from connection
2023-06-11 19:36:24,331:mariadb:DEBUG:Acquiring connection from pool and cursor from connection
2023-06-11 19:36:24,332:mariadb:DEBUG:Acquiring connection from pool and cursor from connection
2023-06-11 19:36:24,332:mariadb:DEBUG:Acquiring connection from pool and cursor from connection
2023-06-11 19:36:24,333:mariadb:DEBUG:Acquiring connection from pool and cursor from connection
2023-06-11 19:36:24,333:mariadb:DEBUG:Acquiring connection from pool and cursor from connection
2023-06-11 19:36:24,334:mariadb:DEBUG:Acquiring connection from pool and cursor from connection
2023-06-11 19:36:24,334:mariadb:DEBUG:Acquiring connection from pool and cursor from connection
2023-06-11 19:36:24,334:mariadb:DEBUG:Acquiring connection from pool and cursor from connection
2023-06-11 19:36:24,335:mariadb:DEBUG:Acquiring connection from pool and cursor from connection
2023-06-11 19:36:24,335:mariadb:DEBUG:Acquiring connection from pool and cursor from connection
2023-06-11 19:36:24,335:mariadb:DEBUG:Acquiring connection from pool and cursor from connection
2023-06-11 19:36:24,335:mariadb:DEBUG:Acquiring connection from pool and cursor from connection
2023-06-11 19:36:24,335:mariadb:DEBUG:Acquiring connection from pool and cursor from connection
2023-06-11 19:36:24,336:mariadb:DEBUG:Acquiring connection from pool and cursor from connection
2023-06-11 19:36:24,336:mariadb:DEBUG:Acquiring connection from pool and cursor from connection
2023-06-11 19:36:24,336:mariadb:DEBUG:Acquiring connection from pool and cursor from connection
2023-06-11 19:36:24,336:mariadb:DEBUG:Acquiring connection from pool and cursor from connection
2023-06-11 19:36:24,336:mariadb:DEBUG:Acquiring connection from pool and cursor from connection
2023-06-11 19:36:24,336:mariadb:DEBUG:Acquiring connection from pool and cursor from connection
2023-06-11 19:36:24,336:mariadb:DEBUG:Acquiring connection from pool and cursor from connection
2023-06-11 19:36:24,337:mariadb:DEBUG:Acquiring connection from pool and cursor from connection
2023-06-11 19:36:24,337:mariadb:DEBUG:Acquiring connection from pool and cursor from connection
2023-06-11 19:36:24,337:mariadb:DEBUG:Acquiring connection from pool and cursor from connection
2023-06-11 19:36:24,337:mariadb:DEBUG:Acquiring connection from pool and cursor from connection
2023-06-11 19:36:24,337:mariadb:DEBUG:Acquiring connection from pool and cursor from connection
2023-06-11 19:36:24,337:mariadb:DEBUG:Acquiring connection from pool and cursor from connection
2023-06-11 19:36:24,337:mariadb:DEBUG:Acquiring connection from pool and cursor from connection
2023-06-11 19:36:24,337:mariadb:DEBUG:Acquiring connection from pool and cursor from connection
2023-06-11 19:36:24,337:mariadb:DEBUG:Acquiring connection from pool and cursor from connection
2023-06-11 19:36:24,338:mariadb:DEBUG:Acquiring connection from pool and cursor from connection
2023-06-11 19:36:24,338:mariadb:DEBUG:Acquiring connection from pool and cursor from connection
2023-06-11 19:36:24,338:mariadb:DEBUG:Acquiring connection from pool and cursor from connection
2023-06-11 19:36:24,338:mariadb:DEBUG:Acquiring connection from pool and cursor from connection
2023-06-11 19:36:24,338:mariadb:DEBUG:Acquiring connection from pool and cursor from connection
2023-06-11 19:36:24,338:mariadb:DEBUG:Acquiring connection from pool and cursor from connection
2023-06-11 19:36:24,339:mariadb:DEBUG:Acquiring connection from pool and cursor from connection
2023-06-11 19:36:24,339:mariadb:DEBUG:Acquiring connection from pool and cursor from connection
2023-06-11 19:36:24,340:mariadb:DEBUG:Acquiring connection from pool and cursor from connection
2023-06-11 19:36:24,340:mariadb:DEBUG:Acquiring connection from pool and cursor from connection
2023-06-11 19:36:24,340:mariadb:DEBUG:Acquiring connection from pool and cursor from connection
2023-06-11 19:36:24,340:mariadb:DEBUG:Acquiring connection from pool and cursor from connection
2023-06-11 19:36:24,341:mariadb:DEBUG:Acquiring connection from pool and cursor from connection
2023-06-11 19:36:24,341:mariadb:DEBUG:Acquiring connection from pool and cursor from connection
2023-06-11 19:36:24,341:mariadb:DEBUG:Acquiring connection from pool and cursor from connection
2023-06-11 19:36:24,341:mariadb:DEBUG:Acquiring connection from pool and cursor from connection
2023-06-11 19:36:24,341:mariadb:DEBUG:Acquiring connection from pool and cursor from connection
2023-06-11 19:36:24,341:mariadb:DEBUG:Acquiring connection from pool and cursor from connection
2023-06-11 19:36:24,341:mariadb:DEBUG:Acquiring connection from pool and cursor from connection
2023-06-11 19:36:24,341:mariadb:DEBUG:Acquiring connection from pool and cursor from connection
2023-06-11 19:36:24,341:mariadb:DEBUG:Acquiring connection from pool and cursor from connection
2023-06-11 19:36:24,341:mariadb:DEBUG:Acquiring connection from pool and cursor from connection
2023-06-11 19:36:24,342:mariadb:DEBUG:Acquiring connection from pool and cursor from connection
2023-06-11 19:36:24,342:mariadb:DEBUG:Acquiring connection from pool and cursor from connection
2023-06-11 19:36:24,342:mariadb:DEBUG:Acquiring connection from pool and cursor from connection
2023-06-11 19:36:24,342:mariadb:DEBUG:Acquiring connection from pool and cursor from connection
2023-06-11 19:36:24,342:mariadb:DEBUG:Acquiring connection from pool and cursor from connection
2023-06-11 19:36:24,342:mariadb:DEBUG:Acquiring connection from pool and cursor from connection
2023-06-11 19:36:24,342:mariadb:DEBUG:Acquiring connection from pool and cursor from connection
2023-06-11 19:36:24,343:mariadb:DEBUG:Acquiring connection from pool and cursor from connection
2023-06-11 19:36:24,343:mariadb:DEBUG:Acquiring connection from pool and cursor from connection
2023-06-11 19:36:24,343:mariadb:DEBUG:Acquiring connection from pool and cursor from connection
2023-06-11 19:36:24,344:mariadb:DEBUG:Acquiring connection from pool and cursor from connection
2023-06-11 19:36:24,344:mariadb:DEBUG:Acquiring connection from pool and cursor from connection
2023-06-11 19:36:24,344:mariadb:DEBUG:Acquiring connection from pool and cursor from connection
2023-06-11 19:36:24,344:mariadb:DEBUG:Acquiring connection from pool and cursor from connection
2023-06-11 19:36:24,345:mariadb:DEBUG:Acquiring connection from pool and cursor from connection
2023-06-11 19:36:24,345:mariadb:DEBUG:Acquiring connection from pool and cursor from connection
2023-06-11 19:36:24,346:mariadb:DEBUG:Acquiring connection from pool and cursor from connection
2023-06-11 19:36:24,347:mariadb:DEBUG:Acquiring connection from pool and cursor from connection
2023-06-11 19:36:24,348:mariadb:DEBUG:Acquiring connection from pool and cursor from connection
2023-06-11 19:36:24,349:mariadb:DEBUG:Acquiring connection from pool and cursor from connection
2023-06-11 19:36:24,349:mariadb:DEBUG:Acquiring connection from pool and cursor from connection
2023-06-11 19:36:24,349:mariadb:DEBUG:Acquiring connection from pool and cursor from connection
2023-06-11 19:36:24,349:mariadb:DEBUG:Acquiring connection from pool and cursor from connection
2023-06-11 19:36:24,350:mariadb:DEBUG:Acquiring connection from pool and cursor from connection
2023-06-11 19:36:24,350:mariadb:DEBUG:Acquiring connection from pool and cursor from connection
2023-06-11 19:36:24,350:mariadb:DEBUG:Acquiring connection from pool and cursor from connection
2023-06-11 19:36:24,350:mariadb:DEBUG:Acquiring connection from pool and cursor from connection
2023-06-11 19:36:24,350:mariadb:DEBUG:Acquiring connection from pool and cursor from connection
2023-06-11 19:36:24,350:mariadb:DEBUG:Acquiring connection from pool and cursor from connection
2023-06-11 19:36:24,351:mariadb:DEBUG:Acquiring connection from pool and cursor from connection
2023-06-11 19:36:24,351:mariadb:DEBUG:Acquiring connection from pool and cursor from connection
2023-06-11 19:36:24,351:mariadb:DEBUG:Acquiring connection from pool and cursor from connection
2023-06-11 19:36:24,352:mariadb:DEBUG:Acquiring connection from pool and cursor from connection
2023-06-11 19:36:24,352:mariadb:DEBUG:Acquiring connection from pool and cursor from connection
2023-06-11 19:36:24,353:mariadb:DEBUG:Acquiring connection from pool and cursor from connection
2023-06-11 19:36:24,353:mariadb:DEBUG:Acquiring connection from pool and cursor from connection
2023-06-11 19:36:24,353:mariadb:DEBUG:Acquiring connection from pool and cursor from connection
2023-06-11 19:36:24,353:mariadb:DEBUG:Acquiring connection from pool and cursor from connection
2023-06-11 19:36:24,354:mariadb:DEBUG:Acquiring connection from pool and cursor from connection
2023-06-11 19:36:24,354:mariadb:DEBUG:Acquiring connection from pool and cursor from connection
2023-06-11 19:36:24,354:mariadb:DEBUG:Acquiring connection from pool and cursor from connection
2023-06-11 19:36:24,354:mariadb:DEBUG:Acquiring connection from pool and cursor from connection
2023-06-11 19:36:24,354:mariadb:DEBUG:Acquiring connection from pool and cursor from connection
2023-06-11 19:36:24,354:mariadb:DEBUG:Acquiring connection from pool and cursor from connection
2023-06-11 19:36:24,355:mariadb:DEBUG:Acquiring connection from pool and cursor from connection
2023-06-11 19:36:24,355:mariadb:DEBUG:Acquiring connection from pool and cursor from connection
2023-06-11 19:36:24,355:mariadb:DEBUG:Acquiring connection from pool and cursor from connection
2023-06-11 19:36:24,355:mariadb:DEBUG:Acquiring connection from pool and cursor from connection
2023-06-11 19:36:24,355:mariadb:DEBUG:Acquiring connection from pool and cursor from connection
2023-06-11 19:36:24,355:mariadb:DEBUG:Acquiring connection from pool and cursor from connection
2023-06-11 19:36:24,355:mariadb:DEBUG:Acquiring connection from pool and cursor from connection
2023-06-11 19:36:24,355:mariadb:DEBUG:Acquiring connection from pool and cursor from connection
2023-06-11 19:36:24,356:mariadb:DEBUG:Acquiring connection from pool and cursor from connection
2023-06-11 19:36:24,356:mariadb:DEBUG:Acquiring connection from pool and cursor from connection
2023-06-11 19:36:24,356:mariadb:DEBUG:Acquiring connection from pool and cursor from connection
2023-06-11 19:36:24,356:mariadb:DEBUG:Acquiring connection from pool and cursor from connection
2023-06-11 19:36:24,356:mariadb:DEBUG:Acquiring connection from pool and cursor from connection
2023-06-11 19:36:24,357:mariadb:DEBUG:Acquiring connection from pool and cursor from connection
2023-06-11 19:36:24,358:mariadb:DEBUG:Acquiring connection from pool and cursor from connection
2023-06-11 19:36:24,358:mariadb:DEBUG:Acquiring connection from pool and cursor from connection
2023-06-11 19:36:24,358:mariadb:DEBUG:Acquiring connection from pool and cursor from connection
2023-06-11 19:36:24,358:mariadb:DEBUG:Acquiring connection from pool and cursor from connection
2023-06-11 19:36:24,358:mariadb:DEBUG:Acquiring connection from pool and cursor from connection
2023-06-11 19:36:24,358:mariadb:DEBUG:Acquiring connection from pool and cursor from connection
2023-06-11 19:36:24,359:mariadb:DEBUG:Acquiring connection from pool and cursor from connection
2023-06-11 19:36:24,359:mariadb:DEBUG:Acquiring connection from pool and cursor from connection
2023-06-11 19:36:24,359:mariadb:DEBUG:Acquiring connection from pool and cursor from connection
2023-06-11 19:36:24,359:mariadb:DEBUG:Acquiring connection from pool and cursor from connection
2023-06-11 19:36:24,360:mariadb:DEBUG:Acquiring connection from pool and cursor from connection
2023-06-11 19:36:24,361:mariadb:DEBUG:Acquiring connection from pool and cursor from connection
2023-06-11 19:36:24,361:mariadb:DEBUG:Acquiring connection from pool and cursor from connection
2023-06-11 19:36:24,362:mariadb:DEBUG:Acquiring connection from pool and cursor from connection
2023-06-11 19:36:24,362:mariadb:DEBUG:Acquiring connection from pool and cursor from connection
2023-06-11 19:36:24,363:mariadb:DEBUG:Acquiring connection from pool and cursor from connection
2023-06-11 19:36:24,363:mariadb:DEBUG:Acquiring connection from pool and cursor from connection
2023-06-11 19:36:24,364:mariadb:DEBUG:Acquiring connection from pool and cursor from connection
2023-06-11 19:36:24,364:mariadb:DEBUG:Acquiring connection from pool and cursor from connection
2023-06-11 19:36:24,364:mariadb:DEBUG:Acquiring connection from pool and cursor from connection
2023-06-11 19:36:24,365:mariadb:DEBUG:Acquiring connection from pool and cursor from connection
2023-06-11 19:36:24,365:mariadb:DEBUG:Acquiring connection from pool and cursor from connection
2023-06-11 19:36:24,365:mariadb:DEBUG:Acquiring connection from pool and cursor from connection
2023-06-11 19:36:24,365:mariadb:DEBUG:Acquiring connection from pool and cursor from connection
2023-06-11 19:36:24,366:mariadb:DEBUG:Acquiring connection from pool and cursor from connection
2023-06-11 19:36:24,367:mariadb:DEBUG:Acquiring connection from pool and cursor from connection
2023-06-11 19:36:24,367:mariadb:DEBUG:Acquiring connection from pool and cursor from connection
2023-06-11 19:36:24,368:mariadb:DEBUG:Acquiring connection from pool and cursor from connection
2023-06-11 19:36:24,369:mariadb:DEBUG:Acquiring connection from pool and cursor from connection
2023-06-11 19:36:24,369:mariadb:DEBUG:Acquiring connection from pool and cursor from connection
2023-06-11 19:36:24,369:mariadb:DEBUG:Acquiring connection from pool and cursor from connection
2023-06-11 19:36:24,370:mariadb:DEBUG:Acquiring connection from pool and cursor from connection
2023-06-11 19:36:24,370:mariadb:DEBUG:Acquiring connection from pool and cursor from connection
2023-06-11 19:36:24,370:mariadb:DEBUG:Acquiring connection from pool and cursor from connection
2023-06-11 19:36:24,370:mariadb:DEBUG:Acquiring connection from pool and cursor from connection
2023-06-11 19:36:24,371:mariadb:DEBUG:Acquiring connection from pool and cursor from connection
2023-06-11 19:36:24,371:mariadb:DEBUG:Acquiring connection from pool and cursor from connection
2023-06-11 19:36:24,371:mariadb:DEBUG:Acquiring connection from pool and cursor from connection
2023-06-11 19:36:24,371:mariadb:DEBUG:Acquiring connection from pool and cursor from connection
2023-06-11 19:36:24,371:mariadb:DEBUG:Acquiring connection from pool and cursor from connection
2023-06-11 19:36:24,372:mariadb:DEBUG:Acquiring connection from pool and cursor from connection
2023-06-11 19:36:24,372:mariadb:DEBUG:Acquiring connection from pool and cursor from connection
2023-06-11 19:36:24,372:mariadb:DEBUG:Acquiring connection from pool and cursor from connection
2023-06-11 19:36:24,372:mariadb:DEBUG:Acquiring connection from pool and cursor from connection
2023-06-11 19:36:24,372:mariadb:DEBUG:Acquiring connection from pool and cursor from connection
2023-06-11 19:36:24,373:mariadb:DEBUG:Acquiring connection from pool and cursor from connection
2023-06-11 19:36:24,373:mariadb:DEBUG:Acquiring connection from pool and cursor from connection
2023-06-11 19:36:24,373:mariadb:DEBUG:Acquiring connection from pool and cursor from connection
2023-06-11 19:36:24,373:mariadb:DEBUG:Acquiring connection from pool and cursor from connection
2023-06-11 19:36:24,373:mariadb:DEBUG:Acquiring connection from pool and cursor from connection
2023-06-11 19:36:24,373:mariadb:DEBUG:Acquiring connection from pool and cursor from connection
2023-06-11 19:36:24,373:mariadb:DEBUG:Acquiring connection from pool and cursor from connection
2023-06-11 19:36:24,373:mariadb:DEBUG:Acquiring connection from pool and cursor from connection
2023-06-11 19:36:24,374:mariadb:DEBUG:Acquiring connection from pool and cursor from connection
2023-06-11 19:36:24,374:mariadb:DEBUG:Acquiring connection from pool and cursor from connection
2023-06-11 19:36:24,374:mariadb:DEBUG:Acquiring connection from pool and cursor from connection
2023-06-11 19:36:24,374:mariadb:DEBUG:Acquiring connection from pool and cursor from connection
2023-06-11 19:36:24,374:mariadb:DEBUG:Acquiring connection from pool and cursor from connection
2023-06-11 19:36:24,374:mariadb:DEBUG:Acquiring connection from pool and cursor from connection
2023-06-11 19:36:24,374:mariadb:DEBUG:Acquiring connection from pool and cursor from connection
2023-06-11 19:36:24,374:mariadb:DEBUG:Acquiring connection from pool and cursor from connection
2023-06-11 19:36:24,375:mariadb:DEBUG:Acquiring connection from pool and cursor from connection
2023-06-11 19:36:24,375:mariadb:DEBUG:Acquiring connection from pool and cursor from connection
2023-06-11 19:36:24,375:mariadb:DEBUG:Acquiring connection from pool and cursor from connection
2023-06-11 19:36:24,375:mariadb:DEBUG:Acquiring connection from pool and cursor from connection
2023-06-11 19:36:24,375:mariadb:DEBUG:Acquiring connection from pool and cursor from connection
2023-06-11 19:36:24,375:mariadb:DEBUG:Acquiring connection from pool and cursor from connection
2023-06-11 19:36:24,375:mariadb:DEBUG:Acquiring connection from pool and cursor from connection
2023-06-11 19:36:24,375:mariadb:DEBUG:Acquiring connection from pool and cursor from connection
2023-06-11 19:36:24,375:mariadb:DEBUG:Acquiring connection from pool and cursor from connection
2023-06-11 19:36:24,376:mariadb:DEBUG:Acquiring connection from pool and cursor from connection
2023-06-11 19:36:24,378:mariadb:DEBUG:Acquiring connection from pool and cursor from connection
2023-06-11 19:36:24,379:mariadb:DEBUG:Acquiring connection from pool and cursor from connection
2023-06-11 19:36:24,379:mariadb:DEBUG:Acquiring connection from pool and cursor from connection
2023-06-11 19:36:24,379:mariadb:DEBUG:Acquiring connection from pool and cursor from connection
2023-06-11 19:36:24,385:mariadb:DEBUG:Running target
2023-06-11 19:36:24,477:mariadb:DEBUG:Running target
2023-06-11 19:36:24,539:mariadb:DEBUG:Running target
2023-06-11 19:36:24,590:mariadb:DEBUG:Running target
2023-06-11 19:36:24,640:mariadb:DEBUG:Running target
2023-06-11 19:36:24,691:mariadb:DEBUG:Running target
2023-06-11 19:36:24,745:mariadb:DEBUG:Running target
2023-06-11 19:36:24,799:mariadb:DEBUG:Running target
2023-06-11 19:36:24,853:mariadb:DEBUG:Running target
2023-06-11 19:36:24,907:mariadb:DEBUG:Running target
